<?xml version="1.0" encoding="UTF-8"?>
<!-- Generated by org.testng.reporters.JUnitXMLReporter -->
<testsuite ignored="0" hostname="DESKTOP-TUM7H4D" failures="0" tests="5" name="Default test" time="6.323" errors="0" timestamp="2022-05-14T15:52:04 IST">
  <testcase classname="com.qa.test.Test1" name="allcc" time="0.015"/>
  <testcase classname="com.qa.test.Test1" name="logindata" time="0.528"/>
  <testcase classname="com.qa.test.Test1" name="radio" time="0.076"/>
  <testcase classname="com.qa.test.Test1" name="submit" time="0.108"/>
  <testcase classname="com.qa.test.Test1" name="validatetitle" time="0.047"/>
</testsuite> <!-- Default test -->
