<?xml version="1.0" encoding="UTF-8"?>
<testng-results ignored="0" total="5" passed="5" failed="0" skipped="0">
  <reporter-output>
  </reporter-output>
  <suite started-at="2022-05-14T15:51:58 IST" name="Default suite" finished-at="2022-05-14T15:52:04 IST" duration-ms="6323">
    <groups>
    </groups>
    <test started-at="2022-05-14T15:51:58 IST" name="Default test" finished-at="2022-05-14T15:52:04 IST" duration-ms="6323">
      <class name="com.qa.test.Test1">
        <test-method is-config="true" signature="setup()[pri:0, instance:com.qa.test.Test1@6253c26]" started-at="2022-05-14T15:51:58 IST" name="setup" finished-at="2022-05-14T15:52:03 IST" duration-ms="5211" status="PASS">
          <reporter-output>
          </reporter-output>
        </test-method> <!-- setup -->
        <test-method signature="allcc()[pri:0, instance:com.qa.test.Test1@6253c26]" started-at="2022-05-14T15:52:03 IST" name="allcc" finished-at="2022-05-14T15:52:03 IST" duration-ms="15" status="PASS">
          <reporter-output>
          </reporter-output>
        </test-method> <!-- allcc -->
        <test-method signature="logindata()[pri:0, instance:com.qa.test.Test1@6253c26]" started-at="2022-05-14T15:52:03 IST" name="logindata" finished-at="2022-05-14T15:52:04 IST" duration-ms="528" status="PASS">
          <reporter-output>
          </reporter-output>
        </test-method> <!-- logindata -->
        <test-method signature="radio()[pri:0, instance:com.qa.test.Test1@6253c26]" started-at="2022-05-14T15:52:04 IST" name="radio" finished-at="2022-05-14T15:52:04 IST" duration-ms="76" status="PASS">
          <reporter-output>
          </reporter-output>
        </test-method> <!-- radio -->
        <test-method signature="submit()[pri:0, instance:com.qa.test.Test1@6253c26]" started-at="2022-05-14T15:52:04 IST" name="submit" finished-at="2022-05-14T15:52:04 IST" duration-ms="108" status="PASS">
          <reporter-output>
          </reporter-output>
        </test-method> <!-- submit -->
        <test-method signature="validatetitle()[pri:0, instance:com.qa.test.Test1@6253c26]" started-at="2022-05-14T15:52:04 IST" name="validatetitle" finished-at="2022-05-14T15:52:04 IST" duration-ms="47" status="PASS">
          <reporter-output>
          </reporter-output>
        </test-method> <!-- validatetitle -->
        <test-method is-config="true" signature="TearDown()[pri:0, instance:com.qa.test.Test1@6253c26]" started-at="2022-05-14T15:52:04 IST" name="TearDown" finished-at="2022-05-14T15:52:04 IST" duration-ms="284" status="PASS">
          <reporter-output>
          </reporter-output>
        </test-method> <!-- TearDown -->
      </class> <!-- com.qa.test.Test1 -->
    </test> <!-- Default test -->
  </suite> <!-- Default suite -->
</testng-results>
